 INFO [2021-03-15 10:05:16,362] (Main.java[firstTest]:67) - =============== 테스트
 INFO [2021-03-15 10:55:35,941] (Main.java[firstTest]:67) - =============== 테스트
DEBUG [2021-03-15 11:16:39,387] (Main.java[firstTest]:64) - =============== 테스트
DEBUG [2021-03-15 11:17:16,313] (Main.java[firstTest]:64) - =============== 테스트
DEBUG [2021-03-15 11:20:26,652] (Main.java[firstTest]:64) - =============== 테스트
DEBUG [2021-03-15 11:20:26,817] (WorkSchedule.java[printShiftInstances]:516) - shifts.working
DEBUG [2021-03-15 11:20:26,817] (WorkSchedule.java[printShiftInstances]:521) - [1] shifts.day: 2021-03-01
DEBUG [2021-03-15 11:20:26,828] (WorkSchedule.java[printShiftInstances]:532) -    (1) team: Team 1,shit : Day, period.start: 2021-03-01T07:00, period.end: 2021-03-01T19:00
DEBUG [2021-03-15 11:20:26,829] (WorkSchedule.java[printShiftInstances]:532) -    (2) team: Team 2,shit : Day, period.start: 2021-03-01T07:00, period.end: 2021-03-01T19:00
DEBUG [2021-03-15 11:20:26,829] (WorkSchedule.java[printShiftInstances]:521) - [2] shifts.day: 2021-03-02
DEBUG [2021-03-15 11:20:26,830] (WorkSchedule.java[printShiftInstances]:532) -    (1) team: Team 1,shit : Day, period.start: 2021-03-02T07:00, period.end: 2021-03-02T19:00
DEBUG [2021-03-15 11:20:26,830] (WorkSchedule.java[printShiftInstances]:532) -    (2) team: Team 2,shit : Day, period.start: 2021-03-02T07:00, period.end: 2021-03-02T19:00
DEBUG [2021-03-15 11:20:26,830] (WorkSchedule.java[printShiftInstances]:521) - [3] shifts.day: 2021-03-03
DEBUG [2021-03-15 11:20:26,830] (WorkSchedule.java[printShiftInstances]:532) -    (1) team: Team 1,shit : Day, period.start: 2021-03-03T07:00, period.end: 2021-03-03T19:00
DEBUG [2021-03-15 11:20:26,830] (WorkSchedule.java[printShiftInstances]:532) -    (2) team: Team 2,shit : Night, period.start: 2021-03-03T19:00, period.end: 2021-03-04T07:00
DEBUG [2021-03-15 11:20:26,831] (WorkSchedule.java[printShiftInstances]:521) - [4] shifts.day: 2021-03-04
DEBUG [2021-03-15 11:20:26,831] (WorkSchedule.java[printShiftInstances]:532) -    (1) team: Team 1,shit : Night, period.start: 2021-03-04T19:00, period.end: 2021-03-05T07:00
DEBUG [2021-03-15 11:20:26,831] (WorkSchedule.java[printShiftInstances]:532) -    (2) team: Team 2,dayoff : DAY_OFF, period.start: 2021-03-04T09:00, period.end: 2021-03-05T09:00
DEBUG [2021-03-15 11:20:26,831] (WorkSchedule.java[printShiftInstances]:521) - [5] shifts.day: 2021-03-05
DEBUG [2021-03-15 11:20:26,831] (WorkSchedule.java[printShiftInstances]:532) -    (1) team: Team 1,dayoff : DAY_OFF, period.start: 2021-03-05T09:00, period.end: 2021-03-06T09:00
DEBUG [2021-03-15 11:20:26,833] (WorkSchedule.java[printShiftInstances]:532) -    (2) team: Team 2,shit : Night, period.start: 2021-03-05T19:00, period.end: 2021-03-06T07:00
DEBUG [2021-03-15 11:20:26,833] (WorkSchedule.java[printShiftInstances]:521) - [6] shifts.day: 2021-03-06
DEBUG [2021-03-15 11:20:26,833] (WorkSchedule.java[printShiftInstances]:532) -    (1) team: Team 1,shit : Night, period.start: 2021-03-06T19:00, period.end: 2021-03-07T07:00
DEBUG [2021-03-15 11:20:26,833] (WorkSchedule.java[printShiftInstances]:532) -    (2) team: Team 2,dayoff : DAY_OFF, period.start: 2021-03-06T09:00, period.end: 2021-03-07T09:00
DEBUG [2021-03-15 11:20:26,834] (WorkSchedule.java[printShiftInstances]:521) - [7] shifts.day: 2021-03-07
DEBUG [2021-03-15 11:20:26,834] (WorkSchedule.java[printShiftInstances]:532) -    (1) team: Team 1,dayoff : DAY_OFF, period.start: 2021-03-07T09:00, period.end: 2021-03-08T09:00
DEBUG [2021-03-15 11:20:26,834] (WorkSchedule.java[printShiftInstances]:532) -    (2) team: Team 2,shit : Day, period.start: 2021-03-07T07:00, period.end: 2021-03-07T19:00
DEBUG [2021-03-15 11:20:26,834] (WorkSchedule.java[printShiftInstances]:521) - [8] shifts.day: 2021-03-08
DEBUG [2021-03-15 11:20:26,834] (WorkSchedule.java[printShiftInstances]:532) -    (1) team: Team 1,shit : Day, period.start: 2021-03-08T07:00, period.end: 2021-03-08T19:00
DEBUG [2021-03-15 11:20:26,834] (WorkSchedule.java[printShiftInstances]:532) -    (2) team: Team 2,shit : Day, period.start: 2021-03-08T07:00, period.end: 2021-03-08T19:00
DEBUG [2021-03-15 11:20:26,835] (WorkSchedule.java[printShiftInstances]:521) - [9] shifts.day: 2021-03-09
DEBUG [2021-03-15 11:20:26,835] (WorkSchedule.java[printShiftInstances]:532) -    (1) team: Team 1,shit : Day, period.start: 2021-03-09T07:00, period.end: 2021-03-09T19:00
DEBUG [2021-03-15 11:20:26,835] (WorkSchedule.java[printShiftInstances]:532) -    (2) team: Team 2,shit : Day, period.start: 2021-03-09T07:00, period.end: 2021-03-09T19:00
DEBUG [2021-03-15 11:20:26,835] (WorkSchedule.java[printShiftInstances]:521) - [10] shifts.day: 2021-03-10
DEBUG [2021-03-15 11:20:26,835] (WorkSchedule.java[printShiftInstances]:532) -    (1) team: Team 1,shit : Day, period.start: 2021-03-10T07:00, period.end: 2021-03-10T19:00
DEBUG [2021-03-15 11:20:26,835] (WorkSchedule.java[printShiftInstances]:532) -    (2) team: Team 2,shit : Night, period.start: 2021-03-10T19:00, period.end: 2021-03-11T07:00
DEBUG [2021-03-15 11:20:26,835] (WorkSchedule.java[printShiftInstances]:521) - [11] shifts.day: 2021-03-11
DEBUG [2021-03-15 11:20:26,836] (WorkSchedule.java[printShiftInstances]:532) -    (1) team: Team 1,shit : Night, period.start: 2021-03-11T19:00, period.end: 2021-03-12T07:00
DEBUG [2021-03-15 11:20:26,836] (WorkSchedule.java[printShiftInstances]:532) -    (2) team: Team 2,dayoff : DAY_OFF, period.start: 2021-03-11T09:00, period.end: 2021-03-12T09:00
DEBUG [2021-03-15 11:20:26,836] (WorkSchedule.java[printShiftInstances]:521) - [12] shifts.day: 2021-03-12
DEBUG [2021-03-15 11:20:26,836] (WorkSchedule.java[printShiftInstances]:532) -    (1) team: Team 1,dayoff : DAY_OFF, period.start: 2021-03-12T09:00, period.end: 2021-03-13T09:00
DEBUG [2021-03-15 11:20:26,836] (WorkSchedule.java[printShiftInstances]:532) -    (2) team: Team 2,shit : Night, period.start: 2021-03-12T19:00, period.end: 2021-03-13T07:00
DEBUG [2021-03-15 11:20:26,836] (WorkSchedule.java[printShiftInstances]:521) - [13] shifts.day: 2021-03-13
DEBUG [2021-03-15 11:20:26,836] (WorkSchedule.java[printShiftInstances]:532) -    (1) team: Team 1,shit : Night, period.start: 2021-03-13T19:00, period.end: 2021-03-14T07:00
DEBUG [2021-03-15 11:20:26,836] (WorkSchedule.java[printShiftInstances]:532) -    (2) team: Team 2,dayoff : DAY_OFF, period.start: 2021-03-13T09:00, period.end: 2021-03-14T09:00
DEBUG [2021-03-15 11:20:26,837] (WorkSchedule.java[printShiftInstances]:521) - [14] shifts.day: 2021-03-14
DEBUG [2021-03-15 11:20:26,837] (WorkSchedule.java[printShiftInstances]:532) -    (1) team: Team 1,dayoff : DAY_OFF, period.start: 2021-03-14T09:00, period.end: 2021-03-15T09:00
DEBUG [2021-03-15 11:20:26,837] (WorkSchedule.java[printShiftInstances]:532) -    (2) team: Team 2,shit : Day, period.start: 2021-03-14T07:00, period.end: 2021-03-14T19:00
DEBUG [2021-03-15 11:20:26,837] (WorkSchedule.java[printShiftInstances]:521) - [15] shifts.day: 2021-03-15
DEBUG [2021-03-15 11:20:26,837] (WorkSchedule.java[printShiftInstances]:532) -    (1) team: Team 1,shit : Day, period.start: 2021-03-15T07:00, period.end: 2021-03-15T19:00
DEBUG [2021-03-15 11:20:26,837] (WorkSchedule.java[printShiftInstances]:532) -    (2) team: Team 2,shit : Day, period.start: 2021-03-15T07:00, period.end: 2021-03-15T19:00
DEBUG [2021-03-15 11:20:26,837] (WorkSchedule.java[printShiftInstances]:521) - [16] shifts.day: 2021-03-16
DEBUG [2021-03-15 11:20:26,837] (WorkSchedule.java[printShiftInstances]:532) -    (1) team: Team 1,shit : Day, period.start: 2021-03-16T07:00, period.end: 2021-03-16T19:00
DEBUG [2021-03-15 11:20:26,838] (WorkSchedule.java[printShiftInstances]:532) -    (2) team: Team 2,shit : Day, period.start: 2021-03-16T07:00, period.end: 2021-03-16T19:00
DEBUG [2021-03-15 11:20:26,838] (WorkSchedule.java[printShiftInstances]:521) - [17] shifts.day: 2021-03-17
DEBUG [2021-03-15 11:20:26,838] (WorkSchedule.java[printShiftInstances]:532) -    (1) team: Team 1,shit : Day, period.start: 2021-03-17T07:00, period.end: 2021-03-17T19:00
DEBUG [2021-03-15 11:20:26,838] (WorkSchedule.java[printShiftInstances]:532) -    (2) team: Team 2,shit : Night, period.start: 2021-03-17T19:00, period.end: 2021-03-18T07:00
DEBUG [2021-03-15 11:20:26,838] (WorkSchedule.java[printShiftInstances]:521) - [18] shifts.day: 2021-03-18
DEBUG [2021-03-15 11:20:26,838] (WorkSchedule.java[printShiftInstances]:532) -    (1) team: Team 1,shit : Night, period.start: 2021-03-18T19:00, period.end: 2021-03-19T07:00
DEBUG [2021-03-15 11:20:26,838] (WorkSchedule.java[printShiftInstances]:532) -    (2) team: Team 2,dayoff : DAY_OFF, period.start: 2021-03-18T09:00, period.end: 2021-03-19T09:00
DEBUG [2021-03-15 11:20:26,839] (WorkSchedule.java[printShiftInstances]:521) - [19] shifts.day: 2021-03-19
DEBUG [2021-03-15 11:20:26,839] (WorkSchedule.java[printShiftInstances]:532) -    (1) team: Team 1,dayoff : DAY_OFF, period.start: 2021-03-19T09:00, period.end: 2021-03-20T09:00
DEBUG [2021-03-15 11:20:26,839] (WorkSchedule.java[printShiftInstances]:532) -    (2) team: Team 2,shit : Night, period.start: 2021-03-19T19:00, period.end: 2021-03-20T07:00
DEBUG [2021-03-15 11:20:26,839] (WorkSchedule.java[printShiftInstances]:521) - [20] shifts.day: 2021-03-20
DEBUG [2021-03-15 11:20:26,839] (WorkSchedule.java[printShiftInstances]:532) -    (1) team: Team 1,shit : Night, period.start: 2021-03-20T19:00, period.end: 2021-03-21T07:00
DEBUG [2021-03-15 11:20:26,839] (WorkSchedule.java[printShiftInstances]:532) -    (2) team: Team 2,dayoff : DAY_OFF, period.start: 2021-03-20T09:00, period.end: 2021-03-21T09:00
DEBUG [2021-03-15 11:20:26,839] (WorkSchedule.java[printShiftInstances]:521) - [21] shifts.day: 2021-03-21
DEBUG [2021-03-15 11:20:26,839] (WorkSchedule.java[printShiftInstances]:532) -    (1) team: Team 1,dayoff : DAY_OFF, period.start: 2021-03-21T09:00, period.end: 2021-03-22T09:00
DEBUG [2021-03-15 11:20:26,840] (WorkSchedule.java[printShiftInstances]:532) -    (2) team: Team 2,shit : Day, period.start: 2021-03-21T07:00, period.end: 2021-03-21T19:00
DEBUG [2021-03-15 11:20:26,840] (WorkSchedule.java[printShiftInstances]:521) - [22] shifts.day: 2021-03-22
DEBUG [2021-03-15 11:20:26,840] (WorkSchedule.java[printShiftInstances]:532) -    (1) team: Team 1,shit : Day, period.start: 2021-03-22T07:00, period.end: 2021-03-22T19:00
DEBUG [2021-03-15 11:20:26,840] (WorkSchedule.java[printShiftInstances]:532) -    (2) team: Team 2,shit : Day, period.start: 2021-03-22T07:00, period.end: 2021-03-22T19:00
DEBUG [2021-03-15 11:20:26,840] (WorkSchedule.java[printShiftInstances]:521) - [23] shifts.day: 2021-03-23
DEBUG [2021-03-15 11:20:26,840] (WorkSchedule.java[printShiftInstances]:532) -    (1) team: Team 1,shit : Day, period.start: 2021-03-23T07:00, period.end: 2021-03-23T19:00
DEBUG [2021-03-15 11:20:26,840] (WorkSchedule.java[printShiftInstances]:532) -    (2) team: Team 2,shit : Day, period.start: 2021-03-23T07:00, period.end: 2021-03-23T19:00
DEBUG [2021-03-15 11:20:26,840] (WorkSchedule.java[printShiftInstances]:521) - [24] shifts.day: 2021-03-24
DEBUG [2021-03-15 11:20:26,841] (WorkSchedule.java[printShiftInstances]:532) -    (1) team: Team 1,shit : Day, period.start: 2021-03-24T07:00, period.end: 2021-03-24T19:00
DEBUG [2021-03-15 11:20:26,841] (WorkSchedule.java[printShiftInstances]:532) -    (2) team: Team 2,shit : Night, period.start: 2021-03-24T19:00, period.end: 2021-03-25T07:00
DEBUG [2021-03-15 11:20:26,841] (WorkSchedule.java[printShiftInstances]:521) - [25] shifts.day: 2021-03-25
DEBUG [2021-03-15 11:20:26,841] (WorkSchedule.java[printShiftInstances]:532) -    (1) team: Team 1,shit : Night, period.start: 2021-03-25T19:00, period.end: 2021-03-26T07:00
DEBUG [2021-03-15 11:20:26,841] (WorkSchedule.java[printShiftInstances]:532) -    (2) team: Team 2,dayoff : DAY_OFF, period.start: 2021-03-25T09:00, period.end: 2021-03-26T09:00
DEBUG [2021-03-15 11:20:26,841] (WorkSchedule.java[printShiftInstances]:521) - [26] shifts.day: 2021-03-26
DEBUG [2021-03-15 11:20:26,841] (WorkSchedule.java[printShiftInstances]:532) -    (1) team: Team 1,dayoff : DAY_OFF, period.start: 2021-03-26T09:00, period.end: 2021-03-27T09:00
DEBUG [2021-03-15 11:20:26,841] (WorkSchedule.java[printShiftInstances]:532) -    (2) team: Team 2,shit : Night, period.start: 2021-03-26T19:00, period.end: 2021-03-27T07:00
DEBUG [2021-03-15 11:20:26,841] (WorkSchedule.java[printShiftInstances]:521) - [27] shifts.day: 2021-03-27
DEBUG [2021-03-15 11:20:26,842] (WorkSchedule.java[printShiftInstances]:532) -    (1) team: Team 1,shit : Night, period.start: 2021-03-27T19:00, period.end: 2021-03-28T07:00
DEBUG [2021-03-15 11:20:26,842] (WorkSchedule.java[printShiftInstances]:532) -    (2) team: Team 2,dayoff : DAY_OFF, period.start: 2021-03-27T09:00, period.end: 2021-03-28T09:00
DEBUG [2021-03-15 11:20:26,842] (WorkSchedule.java[printShiftInstances]:521) - [28] shifts.day: 2021-03-28
DEBUG [2021-03-15 11:20:26,842] (WorkSchedule.java[printShiftInstances]:532) -    (1) team: Team 1,dayoff : DAY_OFF, period.start: 2021-03-28T09:00, period.end: 2021-03-29T09:00
DEBUG [2021-03-15 11:20:26,842] (WorkSchedule.java[printShiftInstances]:532) -    (2) team: Team 2,shit : Day, period.start: 2021-03-28T07:00, period.end: 2021-03-28T19:00
DEBUG [2021-03-15 11:20:26,842] (WorkSchedule.java[printShiftInstances]:521) - [29] shifts.day: 2021-03-29
DEBUG [2021-03-15 11:20:26,842] (WorkSchedule.java[printShiftInstances]:532) -    (1) team: Team 1,shit : Day, period.start: 2021-03-29T07:00, period.end: 2021-03-29T19:00
DEBUG [2021-03-15 11:20:26,842] (WorkSchedule.java[printShiftInstances]:532) -    (2) team: Team 2,shit : Day, period.start: 2021-03-29T07:00, period.end: 2021-03-29T19:00
DEBUG [2021-03-15 11:20:26,842] (WorkSchedule.java[printShiftInstances]:521) - [30] shifts.day: 2021-03-30
DEBUG [2021-03-15 11:20:26,843] (WorkSchedule.java[printShiftInstances]:532) -    (1) team: Team 1,shit : Day, period.start: 2021-03-30T07:00, period.end: 2021-03-30T19:00
DEBUG [2021-03-15 11:20:26,843] (WorkSchedule.java[printShiftInstances]:532) -    (2) team: Team 2,shit : Day, period.start: 2021-03-30T07:00, period.end: 2021-03-30T19:00
DEBUG [2021-03-15 11:20:26,843] (WorkSchedule.java[printShiftInstances]:521) - [31] shifts.day: 2021-03-31
DEBUG [2021-03-15 11:20:26,843] (WorkSchedule.java[printShiftInstances]:532) -    (1) team: Team 1,shit : Day, period.start: 2021-03-31T07:00, period.end: 2021-03-31T19:00
DEBUG [2021-03-15 11:20:26,843] (WorkSchedule.java[printShiftInstances]:532) -    (2) team: Team 2,shit : Night, period.start: 2021-03-31T19:00, period.end: 2021-04-01T07:00
DEBUG [2021-03-15 11:21:42,744] (Main.java[firstTest]:64) - =============== 테스트
DEBUG [2021-03-15 11:21:42,786] (Main.java[firstTest]:97) - rotation.periods[Day (Day shift), period.start: 07:00 (PT12H), period.end: 19:00, Day (Day shift), period.start: 07:00 (PT12H), period.end: 19:00, Day (Day shift), period.start: 07:00 (PT12H), period.end: 19:00, Night (Night shift), period.start: 19:00 (PT12H), period.end: 07:00, DAY_OFF (09 After off period), period.start: 09:00 (PT24H), period.end: 09:00, Night (Night shift), period.start: 19:00 (PT12H), period.end: 07:00, DAY_OFF (09 After off period), period.start: 09:00 (PT24H), period.end: 09:00]
DEBUG [2021-03-15 11:21:42,786] (Main.java[firstTest]:98) - rotation2.periods[Day (Day shift), period.start: 07:00 (PT12H), period.end: 19:00, Day (Day shift), period.start: 07:00 (PT12H), period.end: 19:00, Day (Day shift), period.start: 07:00 (PT12H), period.end: 19:00, Night (Night shift), period.start: 19:00 (PT12H), period.end: 07:00, DAY_OFF (09 After off period), period.start: 09:00 (PT24H), period.end: 09:00, Night (Night shift), period.start: 19:00 (PT12H), period.end: 07:00, DAY_OFF (09 After off period), period.start: 09:00 (PT24H), period.end: 09:00]
DEBUG [2021-03-15 11:21:42,824] (WorkSchedule.java[printShiftInstances]:516) - shifts.working
DEBUG [2021-03-15 11:21:42,824] (WorkSchedule.java[printShiftInstances]:521) - [1] shifts.day: 2021-03-01
DEBUG [2021-03-15 11:21:42,836] (WorkSchedule.java[printShiftInstances]:532) -    (1) team: Team 1,shit : Day, period.start: 2021-03-01T07:00, period.end: 2021-03-01T19:00
DEBUG [2021-03-15 11:21:42,836] (WorkSchedule.java[printShiftInstances]:532) -    (2) team: Team 2,shit : Day, period.start: 2021-03-01T07:00, period.end: 2021-03-01T19:00
DEBUG [2021-03-15 11:21:42,837] (WorkSchedule.java[printShiftInstances]:521) - [2] shifts.day: 2021-03-02
DEBUG [2021-03-15 11:21:42,837] (WorkSchedule.java[printShiftInstances]:532) -    (1) team: Team 1,shit : Day, period.start: 2021-03-02T07:00, period.end: 2021-03-02T19:00
DEBUG [2021-03-15 11:21:42,837] (WorkSchedule.java[printShiftInstances]:532) -    (2) team: Team 2,shit : Day, period.start: 2021-03-02T07:00, period.end: 2021-03-02T19:00
DEBUG [2021-03-15 11:21:42,838] (WorkSchedule.java[printShiftInstances]:521) - [3] shifts.day: 2021-03-03
DEBUG [2021-03-15 11:21:42,838] (WorkSchedule.java[printShiftInstances]:532) -    (1) team: Team 1,shit : Day, period.start: 2021-03-03T07:00, period.end: 2021-03-03T19:00
DEBUG [2021-03-15 11:21:42,838] (WorkSchedule.java[printShiftInstances]:532) -    (2) team: Team 2,shit : Night, period.start: 2021-03-03T19:00, period.end: 2021-03-04T07:00
DEBUG [2021-03-15 11:21:42,838] (WorkSchedule.java[printShiftInstances]:521) - [4] shifts.day: 2021-03-04
DEBUG [2021-03-15 11:21:42,839] (WorkSchedule.java[printShiftInstances]:532) -    (1) team: Team 1,shit : Night, period.start: 2021-03-04T19:00, period.end: 2021-03-05T07:00
DEBUG [2021-03-15 11:21:42,839] (WorkSchedule.java[printShiftInstances]:532) -    (2) team: Team 2,dayoff : DAY_OFF, period.start: 2021-03-04T09:00, period.end: 2021-03-05T09:00
DEBUG [2021-03-15 11:21:42,841] (WorkSchedule.java[printShiftInstances]:521) - [5] shifts.day: 2021-03-05
DEBUG [2021-03-15 11:21:42,841] (WorkSchedule.java[printShiftInstances]:532) -    (1) team: Team 1,dayoff : DAY_OFF, period.start: 2021-03-05T09:00, period.end: 2021-03-06T09:00
DEBUG [2021-03-15 11:21:42,841] (WorkSchedule.java[printShiftInstances]:532) -    (2) team: Team 2,shit : Night, period.start: 2021-03-05T19:00, period.end: 2021-03-06T07:00
DEBUG [2021-03-15 11:21:42,841] (WorkSchedule.java[printShiftInstances]:521) - [6] shifts.day: 2021-03-06
DEBUG [2021-03-15 11:21:42,841] (WorkSchedule.java[printShiftInstances]:532) -    (1) team: Team 1,shit : Night, period.start: 2021-03-06T19:00, period.end: 2021-03-07T07:00
DEBUG [2021-03-15 11:21:42,842] (WorkSchedule.java[printShiftInstances]:532) -    (2) team: Team 2,dayoff : DAY_OFF, period.start: 2021-03-06T09:00, period.end: 2021-03-07T09:00
DEBUG [2021-03-15 11:21:42,842] (WorkSchedule.java[printShiftInstances]:521) - [7] shifts.day: 2021-03-07
DEBUG [2021-03-15 11:21:42,842] (WorkSchedule.java[printShiftInstances]:532) -    (1) team: Team 1,dayoff : DAY_OFF, period.start: 2021-03-07T09:00, period.end: 2021-03-08T09:00
DEBUG [2021-03-15 11:21:42,842] (WorkSchedule.java[printShiftInstances]:532) -    (2) team: Team 2,shit : Day, period.start: 2021-03-07T07:00, period.end: 2021-03-07T19:00
DEBUG [2021-03-15 11:21:42,842] (WorkSchedule.java[printShiftInstances]:521) - [8] shifts.day: 2021-03-08
DEBUG [2021-03-15 11:21:42,842] (WorkSchedule.java[printShiftInstances]:532) -    (1) team: Team 1,shit : Day, period.start: 2021-03-08T07:00, period.end: 2021-03-08T19:00
DEBUG [2021-03-15 11:21:42,843] (WorkSchedule.java[printShiftInstances]:532) -    (2) team: Team 2,shit : Day, period.start: 2021-03-08T07:00, period.end: 2021-03-08T19:00
DEBUG [2021-03-15 11:21:42,843] (WorkSchedule.java[printShiftInstances]:521) - [9] shifts.day: 2021-03-09
DEBUG [2021-03-15 11:21:42,843] (WorkSchedule.java[printShiftInstances]:532) -    (1) team: Team 1,shit : Day, period.start: 2021-03-09T07:00, period.end: 2021-03-09T19:00
DEBUG [2021-03-15 11:21:42,843] (WorkSchedule.java[printShiftInstances]:532) -    (2) team: Team 2,shit : Day, period.start: 2021-03-09T07:00, period.end: 2021-03-09T19:00
DEBUG [2021-03-15 11:21:42,843] (WorkSchedule.java[printShiftInstances]:521) - [10] shifts.day: 2021-03-10
DEBUG [2021-03-15 11:21:42,843] (WorkSchedule.java[printShiftInstances]:532) -    (1) team: Team 1,shit : Day, period.start: 2021-03-10T07:00, period.end: 2021-03-10T19:00
DEBUG [2021-03-15 11:21:42,844] (WorkSchedule.java[printShiftInstances]:532) -    (2) team: Team 2,shit : Night, period.start: 2021-03-10T19:00, period.end: 2021-03-11T07:00
DEBUG [2021-03-15 11:21:42,844] (WorkSchedule.java[printShiftInstances]:521) - [11] shifts.day: 2021-03-11
DEBUG [2021-03-15 11:21:42,844] (WorkSchedule.java[printShiftInstances]:532) -    (1) team: Team 1,shit : Night, period.start: 2021-03-11T19:00, period.end: 2021-03-12T07:00
DEBUG [2021-03-15 11:21:42,844] (WorkSchedule.java[printShiftInstances]:532) -    (2) team: Team 2,dayoff : DAY_OFF, period.start: 2021-03-11T09:00, period.end: 2021-03-12T09:00
DEBUG [2021-03-15 11:21:42,844] (WorkSchedule.java[printShiftInstances]:521) - [12] shifts.day: 2021-03-12
DEBUG [2021-03-15 11:21:42,844] (WorkSchedule.java[printShiftInstances]:532) -    (1) team: Team 1,dayoff : DAY_OFF, period.start: 2021-03-12T09:00, period.end: 2021-03-13T09:00
DEBUG [2021-03-15 11:21:42,844] (WorkSchedule.java[printShiftInstances]:532) -    (2) team: Team 2,shit : Night, period.start: 2021-03-12T19:00, period.end: 2021-03-13T07:00
DEBUG [2021-03-15 11:21:42,844] (WorkSchedule.java[printShiftInstances]:521) - [13] shifts.day: 2021-03-13
DEBUG [2021-03-15 11:21:42,845] (WorkSchedule.java[printShiftInstances]:532) -    (1) team: Team 1,shit : Night, period.start: 2021-03-13T19:00, period.end: 2021-03-14T07:00
DEBUG [2021-03-15 11:21:42,845] (WorkSchedule.java[printShiftInstances]:532) -    (2) team: Team 2,dayoff : DAY_OFF, period.start: 2021-03-13T09:00, period.end: 2021-03-14T09:00
DEBUG [2021-03-15 11:21:42,845] (WorkSchedule.java[printShiftInstances]:521) - [14] shifts.day: 2021-03-14
DEBUG [2021-03-15 11:21:42,845] (WorkSchedule.java[printShiftInstances]:532) -    (1) team: Team 1,dayoff : DAY_OFF, period.start: 2021-03-14T09:00, period.end: 2021-03-15T09:00
DEBUG [2021-03-15 11:21:42,845] (WorkSchedule.java[printShiftInstances]:532) -    (2) team: Team 2,shit : Day, period.start: 2021-03-14T07:00, period.end: 2021-03-14T19:00
DEBUG [2021-03-15 11:21:42,845] (WorkSchedule.java[printShiftInstances]:521) - [15] shifts.day: 2021-03-15
DEBUG [2021-03-15 11:21:42,845] (WorkSchedule.java[printShiftInstances]:532) -    (1) team: Team 1,shit : Day, period.start: 2021-03-15T07:00, period.end: 2021-03-15T19:00
DEBUG [2021-03-15 11:21:42,845] (WorkSchedule.java[printShiftInstances]:532) -    (2) team: Team 2,shit : Day, period.start: 2021-03-15T07:00, period.end: 2021-03-15T19:00
DEBUG [2021-03-15 11:21:42,846] (WorkSchedule.java[printShiftInstances]:521) - [16] shifts.day: 2021-03-16
DEBUG [2021-03-15 11:21:42,846] (WorkSchedule.java[printShiftInstances]:532) -    (1) team: Team 1,shit : Day, period.start: 2021-03-16T07:00, period.end: 2021-03-16T19:00
DEBUG [2021-03-15 11:21:42,846] (WorkSchedule.java[printShiftInstances]:532) -    (2) team: Team 2,shit : Day, period.start: 2021-03-16T07:00, period.end: 2021-03-16T19:00
DEBUG [2021-03-15 11:21:42,846] (WorkSchedule.java[printShiftInstances]:521) - [17] shifts.day: 2021-03-17
DEBUG [2021-03-15 11:21:42,846] (WorkSchedule.java[printShiftInstances]:532) -    (1) team: Team 1,shit : Day, period.start: 2021-03-17T07:00, period.end: 2021-03-17T19:00
DEBUG [2021-03-15 11:21:42,846] (WorkSchedule.java[printShiftInstances]:532) -    (2) team: Team 2,shit : Night, period.start: 2021-03-17T19:00, period.end: 2021-03-18T07:00
DEBUG [2021-03-15 11:21:42,846] (WorkSchedule.java[printShiftInstances]:521) - [18] shifts.day: 2021-03-18
DEBUG [2021-03-15 11:21:42,847] (WorkSchedule.java[printShiftInstances]:532) -    (1) team: Team 1,shit : Night, period.start: 2021-03-18T19:00, period.end: 2021-03-19T07:00
DEBUG [2021-03-15 11:21:42,847] (WorkSchedule.java[printShiftInstances]:532) -    (2) team: Team 2,dayoff : DAY_OFF, period.start: 2021-03-18T09:00, period.end: 2021-03-19T09:00
DEBUG [2021-03-15 11:21:42,847] (WorkSchedule.java[printShiftInstances]:521) - [19] shifts.day: 2021-03-19
DEBUG [2021-03-15 11:21:42,847] (WorkSchedule.java[printShiftInstances]:532) -    (1) team: Team 1,dayoff : DAY_OFF, period.start: 2021-03-19T09:00, period.end: 2021-03-20T09:00
DEBUG [2021-03-15 11:21:42,847] (WorkSchedule.java[printShiftInstances]:532) -    (2) team: Team 2,shit : Night, period.start: 2021-03-19T19:00, period.end: 2021-03-20T07:00
DEBUG [2021-03-15 11:21:42,847] (WorkSchedule.java[printShiftInstances]:521) - [20] shifts.day: 2021-03-20
DEBUG [2021-03-15 11:21:42,847] (WorkSchedule.java[printShiftInstances]:532) -    (1) team: Team 1,shit : Night, period.start: 2021-03-20T19:00, period.end: 2021-03-21T07:00
DEBUG [2021-03-15 11:21:42,847] (WorkSchedule.java[printShiftInstances]:532) -    (2) team: Team 2,dayoff : DAY_OFF, period.start: 2021-03-20T09:00, period.end: 2021-03-21T09:00
DEBUG [2021-03-15 11:21:42,847] (WorkSchedule.java[printShiftInstances]:521) - [21] shifts.day: 2021-03-21
DEBUG [2021-03-15 11:21:42,848] (WorkSchedule.java[printShiftInstances]:532) -    (1) team: Team 1,dayoff : DAY_OFF, period.start: 2021-03-21T09:00, period.end: 2021-03-22T09:00
DEBUG [2021-03-15 11:21:42,848] (WorkSchedule.java[printShiftInstances]:532) -    (2) team: Team 2,shit : Day, period.start: 2021-03-21T07:00, period.end: 2021-03-21T19:00
DEBUG [2021-03-15 11:21:42,850] (WorkSchedule.java[printShiftInstances]:521) - [22] shifts.day: 2021-03-22
DEBUG [2021-03-15 11:21:42,851] (WorkSchedule.java[printShiftInstances]:532) -    (1) team: Team 1,shit : Day, period.start: 2021-03-22T07:00, period.end: 2021-03-22T19:00
DEBUG [2021-03-15 11:21:42,852] (WorkSchedule.java[printShiftInstances]:532) -    (2) team: Team 2,shit : Day, period.start: 2021-03-22T07:00, period.end: 2021-03-22T19:00
DEBUG [2021-03-15 11:21:42,852] (WorkSchedule.java[printShiftInstances]:521) - [23] shifts.day: 2021-03-23
DEBUG [2021-03-15 11:21:42,852] (WorkSchedule.java[printShiftInstances]:532) -    (1) team: Team 1,shit : Day, period.start: 2021-03-23T07:00, period.end: 2021-03-23T19:00
DEBUG [2021-03-15 11:21:42,852] (WorkSchedule.java[printShiftInstances]:532) -    (2) team: Team 2,shit : Day, period.start: 2021-03-23T07:00, period.end: 2021-03-23T19:00
DEBUG [2021-03-15 11:21:42,853] (WorkSchedule.java[printShiftInstances]:521) - [24] shifts.day: 2021-03-24
DEBUG [2021-03-15 11:21:42,853] (WorkSchedule.java[printShiftInstances]:532) -    (1) team: Team 1,shit : Day, period.start: 2021-03-24T07:00, period.end: 2021-03-24T19:00
DEBUG [2021-03-15 11:21:42,853] (WorkSchedule.java[printShiftInstances]:532) -    (2) team: Team 2,shit : Night, period.start: 2021-03-24T19:00, period.end: 2021-03-25T07:00
DEBUG [2021-03-15 11:21:42,853] (WorkSchedule.java[printShiftInstances]:521) - [25] shifts.day: 2021-03-25
DEBUG [2021-03-15 11:21:42,853] (WorkSchedule.java[printShiftInstances]:532) -    (1) team: Team 1,shit : Night, period.start: 2021-03-25T19:00, period.end: 2021-03-26T07:00
DEBUG [2021-03-15 11:21:42,854] (WorkSchedule.java[printShiftInstances]:532) -    (2) team: Team 2,dayoff : DAY_OFF, period.start: 2021-03-25T09:00, period.end: 2021-03-26T09:00
DEBUG [2021-03-15 11:21:42,854] (WorkSchedule.java[printShiftInstances]:521) - [26] shifts.day: 2021-03-26
DEBUG [2021-03-15 11:21:42,854] (WorkSchedule.java[printShiftInstances]:532) -    (1) team: Team 1,dayoff : DAY_OFF, period.start: 2021-03-26T09:00, period.end: 2021-03-27T09:00
DEBUG [2021-03-15 11:21:42,854] (WorkSchedule.java[printShiftInstances]:532) -    (2) team: Team 2,shit : Night, period.start: 2021-03-26T19:00, period.end: 2021-03-27T07:00
DEBUG [2021-03-15 11:21:42,854] (WorkSchedule.java[printShiftInstances]:521) - [27] shifts.day: 2021-03-27
DEBUG [2021-03-15 11:21:42,854] (WorkSchedule.java[printShiftInstances]:532) -    (1) team: Team 1,shit : Night, period.start: 2021-03-27T19:00, period.end: 2021-03-28T07:00
DEBUG [2021-03-15 11:21:42,855] (WorkSchedule.java[printShiftInstances]:532) -    (2) team: Team 2,dayoff : DAY_OFF, period.start: 2021-03-27T09:00, period.end: 2021-03-28T09:00
DEBUG [2021-03-15 11:21:42,855] (WorkSchedule.java[printShiftInstances]:521) - [28] shifts.day: 2021-03-28
DEBUG [2021-03-15 11:21:42,855] (WorkSchedule.java[printShiftInstances]:532) -    (1) team: Team 1,dayoff : DAY_OFF, period.start: 2021-03-28T09:00, period.end: 2021-03-29T09:00
DEBUG [2021-03-15 11:21:42,856] (WorkSchedule.java[printShiftInstances]:532) -    (2) team: Team 2,shit : Day, period.start: 2021-03-28T07:00, period.end: 2021-03-28T19:00
DEBUG [2021-03-15 11:21:42,857] (WorkSchedule.java[printShiftInstances]:521) - [29] shifts.day: 2021-03-29
DEBUG [2021-03-15 11:21:42,857] (WorkSchedule.java[printShiftInstances]:532) -    (1) team: Team 1,shit : Day, period.start: 2021-03-29T07:00, period.end: 2021-03-29T19:00
DEBUG [2021-03-15 11:21:42,857] (WorkSchedule.java[printShiftInstances]:532) -    (2) team: Team 2,shit : Day, period.start: 2021-03-29T07:00, period.end: 2021-03-29T19:00
DEBUG [2021-03-15 11:21:42,858] (WorkSchedule.java[printShiftInstances]:521) - [30] shifts.day: 2021-03-30
DEBUG [2021-03-15 11:21:42,858] (WorkSchedule.java[printShiftInstances]:532) -    (1) team: Team 1,shit : Day, period.start: 2021-03-30T07:00, period.end: 2021-03-30T19:00
DEBUG [2021-03-15 11:21:42,858] (WorkSchedule.java[printShiftInstances]:532) -    (2) team: Team 2,shit : Day, period.start: 2021-03-30T07:00, period.end: 2021-03-30T19:00
DEBUG [2021-03-15 11:21:42,858] (WorkSchedule.java[printShiftInstances]:521) - [31] shifts.day: 2021-03-31
DEBUG [2021-03-15 11:21:42,859] (WorkSchedule.java[printShiftInstances]:532) -    (1) team: Team 1,shit : Day, period.start: 2021-03-31T07:00, period.end: 2021-03-31T19:00
DEBUG [2021-03-15 11:21:42,859] (WorkSchedule.java[printShiftInstances]:532) -    (2) team: Team 2,shit : Night, period.start: 2021-03-31T19:00, period.end: 2021-04-01T07:00
